                      :-) GROMACS - gmx mdrun, 2024.1 (-:

Copyright 1991-2024 The GROMACS Authors.
GROMACS is free software; you can redistribute it and/or modify it
under the terms of the GNU Lesser General Public License
as published by the Free Software Foundation; either version 2.1
of the License, or (at your option) any later version.

                         Current GROMACS contributors:
       Mark Abraham           Andrey Alekseenko           Vladimir Basov      
      Cathrine Bergh            Eliane Briand               Ania Brown        
      Mahesh Doijade            Giacomo Fiorin          Stefan Fleischmann    
      Sergey Gorelov         Gilles Gouaillardet            Alan Gray         
     M. Eric Irrgang         Farzaneh Jalalypour            Joe Jordan        
     Carsten Kutzner           Justin A. Lemkul          Magnus Lundborg      
       Pascal Merz              Vedran Miletic            Dmitry Morozov      
       Julien Nabet              Szilard Pall        Andrea Pasquadibisceglie 
    Michele Pellegrino          Hubert Santuz             Roland Schulz       
     Tatiana Shugaeva          Alexey Shvetsov            Philip Turner       
     Alessandra Villa      Sebastian Wingbermuehle  

                         Previous GROMACS contributors:
        Emile Apol             Rossen Apostolov           James Barnett       
        Paul Bauer          Herman J.C. Berendsen          Par Bjelkmar       
      Christian Blau          Viacheslav Bolnykh            Kevin Boyd        
    Aldert van Buuren          Carlo Camilloni           Rudi van Drunen      
      Anton Feenstra           Oliver Fleetwood            Vytas Gapsys       
       Gaurav Garg             Gerrit Groenhof            Bert de Groot       
      Anca Hamuraru           Vincent Hindriksen          Victor Holanda      
     Aleksei Iupinov          Christoph Junghans        Prashanth Kanduri     
   Dimitrios Karkoulis           Peter Kasson             Sebastian Kehl      
     Sebastian Keller             Jiri Kraus               Per Larsson        
      Viveca Lindahl            Erik Marklund           Pieter Meulenhoff     
      Teemu Murtola              Sander Pronk             Michael Shirts      
      Alfons Sijbers            Balint Soproni         David van der Spoel    
      Peter Tieleman            Carsten Uphoff             Jon Vincent        
     Teemu Virolainen         Christian Wennberg           Maarten Wolf       
      Artem Zhmurov       

                  Coordinated by the GROMACS project leaders:
                           Berk Hess and Erik Lindahl

GROMACS:      gmx mdrun, version 2024.1
Executable:   /usr/local/gromacs/bin/gmx
Data prefix:  /usr/local/gromacs
Working dir:  /root/folding/miner-data/5CfUz3Xk/102m
Process ID:   81682
Command line:
  gmx mdrun -deffnm nvt -pme gpu -nb gpu -pmefft gpu -update gpu -bonded gpu -ntmpi 1

GROMACS version:     2024.1
Precision:           mixed
Memory model:        64 bit
MPI library:         thread_mpi
OpenMP support:      enabled (GMX_OPENMP_MAX_THREADS = 128)
GPU support:         CUDA
NBNxM GPU setup:     super-cluster 2x2x2 / cluster 8
SIMD instructions:   AVX_512
CPU FFT library:     fftw-3.3.8-sse2-avx-avx2-avx2_128-avx512
GPU FFT library:     cuFFT
Multi-GPU FFT:       none
RDTSCP usage:        enabled
TNG support:         enabled
Hwloc support:       disabled
Tracing support:     disabled
C compiler:          /usr/bin/cc GNU 11.4.0
C compiler flags:    -fexcess-precision=fast -funroll-all-loops -mavx512f -mfma -mavx512vl -mavx512dq -mavx512bw -Wno-missing-field-initializers -O3 -DNDEBUG
C++ compiler:        /usr/bin/c++ GNU 11.4.0
C++ compiler flags:  -fexcess-precision=fast -funroll-all-loops -mavx512f -mfma -mavx512vl -mavx512dq -mavx512bw -Wno-missing-field-initializers -Wno-cast-function-type-strict -fopenmp -O3 -DNDEBUG
BLAS library:        Internal
LAPACK library:      Internal
CUDA compiler:       /usr/local/cuda/bin/nvcc nvcc: NVIDIA (R) Cuda compiler driver;Copyright (c) 2005-2023 NVIDIA Corporation;Built on Tue_Aug_15_22:02:13_PDT_2023;Cuda compilation tools, release 12.2, V12.2.140;Build cuda_12.2.r12.2/compiler.33191640_0
CUDA compiler flags:-std=c++17;--generate-code=arch=compute_50,code=sm_50;--generate-code=arch=compute_52,code=sm_52;--generate-code=arch=compute_60,code=sm_60;--generate-code=arch=compute_61,code=sm_61;--generate-code=arch=compute_70,code=sm_70;--generate-code=arch=compute_75,code=sm_75;--generate-code=arch=compute_80,code=sm_80;--generate-code=arch=compute_86,code=sm_86;--generate-code=arch=compute_89,code=sm_89;--generate-code=arch=compute_90,code=sm_90;-Wno-deprecated-gpu-targets;--generate-code=arch=compute_53,code=sm_53;--generate-code=arch=compute_80,code=sm_80;-use_fast_math;-Xptxas;-warn-double-usage;-Xptxas;-Werror;-D_FORCE_INLINES;-Xcompiler;-fopenmp;-fexcess-precision=fast -funroll-all-loops -mavx512f -mfma -mavx512vl -mavx512dq -mavx512bw -Wno-missing-field-initializers -Wno-cast-function-type-strict -fopenmp -O3 -DNDEBUG
CUDA driver:         12.40
CUDA runtime:        12.20


Running on 1 node with total 192 cores, 384 processing units, 1 compatible GPU
Hardware detected on host 7cc6dd92c306:
  CPU info:
    Vendor: AMD
    Brand:  AMD EPYC 9684X 96-Core Processor               
    Family: 25   Model: 17   Stepping: 2
    Features: aes amd apic avx avx2 avx512f avx512cd avx512bw avx512vl avx512bf16 avx512secondFMA clfsh cmov cx8 cx16 f16c fma htt lahf misalignsse mmx msr nonstop_tsc pcid pclmuldq pdpe1gb popcnt pse rdrnd rdtscp sha sse2 sse3 sse4a sse4.1 sse4.2 ssse3 x2apic
  Hardware topology: Basic
    Packages, cores, and logical processors:
    [indices refer to OS logical processors]
      Package  0: [   0 192] [   1 193] [   2 194] [   3 195] [   4 196] [   5 197] [   6 198] [   7 199] [   8 200] [   9 201] [  10 202] [  11 203] [  12 204] [  13 205] [  14 206] [  15 207] [  16 208] [  17 209] [  18 210] [  19 211] [  20 212] [  21 213] [  22 214] [  23 215] [  24 216] [  25 217] [  26 218] [  27 219] [  28 220] [  29 221] [  30 222] [  31 223] [  32 224] [  33 225] [  34 226] [  35 227] [  36 228] [  37 229] [  38 230] [  39 231] [  40 232] [  41 233] [  42 234] [  43 235] [  44 236] [  45 237] [  46 238] [  47 239] [  48 240] [  49 241] [  50 242] [  51 243] [  52 244] [  53 245] [  54 246] [  55 247] [  56 248] [  57 249] [  58 250] [  59 251] [  60 252] [  61 253] [  62 254] [  63 255] [  64 256] [  65 257] [  66 258] [  67 259] [  68 260] [  69 261] [  70 262] [  71 263] [  72 264] [  73 265] [  74 266] [  75 267] [  76 268] [  77 269] [  78 270] [  79 271] [  80 272] [  81 273] [  82 274] [  83 275] [  84 276] [  85 277] [  86 278] [  87 279] [  88 280] [  89 281] [  90 282] [  91 283] [  92 284] [  93 285] [  94 286] [  95 287]
      Package  1: [  96 288] [  97 289] [  98 290] [  99 291] [ 100 292] [ 101 293] [ 102 294] [ 103 295] [ 104 296] [ 105 297] [ 106 298] [ 107 299] [ 108 300] [ 109 301] [ 110 302] [ 111 303] [ 112 304] [ 113 305] [ 114 306] [ 115 307] [ 116 308] [ 117 309] [ 118 310] [ 119 311] [ 120 312] [ 121 313] [ 122 314] [ 123 315] [ 124 316] [ 125 317] [ 126 318] [ 127 319] [ 128 320] [ 129 321] [ 130 322] [ 131 323] [ 132 324] [ 133 325] [ 134 326] [ 135 327] [ 136 328] [ 137 329] [ 138 330] [ 139 331] [ 140 332] [ 141 333] [ 142 334] [ 143 335] [ 144 336] [ 145 337] [ 146 338] [ 147 339] [ 148 340] [ 149 341] [ 150 342] [ 151 343] [ 152 344] [ 153 345] [ 154 346] [ 155 347] [ 156 348] [ 157 349] [ 158 350] [ 159 351] [ 160 352] [ 161 353] [ 162 354] [ 163 355] [ 164 356] [ 165 357] [ 166 358] [ 167 359] [ 168 360] [ 169 361] [ 170 362] [ 171 363] [ 172 364] [ 173 365] [ 174 366] [ 175 367] [ 176 368] [ 177 369] [ 178 370] [ 179 371] [ 180 372] [ 181 373] [ 182 374] [ 183 375] [ 184 376] [ 185 377] [ 186 378] [ 187 379] [ 188 380] [ 189 381] [ 190 382] [ 191 383]
    CPU limit set by OS: 46.08   Recommended max number of threads: 47
  GPU info:
    Number of GPUs detected: 1
    #0: NVIDIA NVIDIA GeForce RTX 4090, compute cap.: 8.9, ECC:  no, stat: compatible


++++ PLEASE READ AND CITE THE FOLLOWING REFERENCE ++++
M. J. Abraham, T. Murtola, R. Schulz, S. Páll, J. C. Smith, B. Hess, E.
Lindahl
GROMACS: High performance molecular simulations through multi-level
parallelism from laptops to supercomputers
SoftwareX 1 (2015) pp. 19-25
-------- -------- --- Thank You --- -------- --------


++++ PLEASE READ AND CITE THE FOLLOWING REFERENCE ++++
S. Páll, M. J. Abraham, C. Kutzner, B. Hess, E. Lindahl
Tackling Exascale Software Challenges in Molecular Dynamics Simulations with
GROMACS
In S. Markidis & E. Laure (Eds.), Solving Software Challenges for Exascale 8759 (2015) pp. 3-27
-------- -------- --- Thank You --- -------- --------


++++ PLEASE READ AND CITE THE FOLLOWING REFERENCE ++++
S. Pronk, S. Páll, R. Schulz, P. Larsson, P. Bjelkmar, R. Apostolov, M. R.
Shirts, J. C. Smith, P. M. Kasson, D. van der Spoel, B. Hess, and E. Lindahl
GROMACS 4.5: a high-throughput and highly parallel open source molecular
simulation toolkit
Bioinformatics 29 (2013) pp. 845-54
-------- -------- --- Thank You --- -------- --------


++++ PLEASE READ AND CITE THE FOLLOWING REFERENCE ++++
B. Hess and C. Kutzner and D. van der Spoel and E. Lindahl
GROMACS 4: Algorithms for highly efficient, load-balanced, and scalable
molecular simulation
J. Chem. Theory Comput. 4 (2008) pp. 435-447
-------- -------- --- Thank You --- -------- --------


++++ PLEASE READ AND CITE THE FOLLOWING REFERENCE ++++
D. van der Spoel, E. Lindahl, B. Hess, G. Groenhof, A. E. Mark and H. J. C.
Berendsen
GROMACS: Fast, Flexible and Free
J. Comp. Chem. 26 (2005) pp. 1701-1719
-------- -------- --- Thank You --- -------- --------


++++ PLEASE READ AND CITE THE FOLLOWING REFERENCE ++++
E. Lindahl and B. Hess and D. van der Spoel
GROMACS 3.0: A package for molecular simulation and trajectory analysis
J. Mol. Mod. 7 (2001) pp. 306-317
-------- -------- --- Thank You --- -------- --------


++++ PLEASE READ AND CITE THE FOLLOWING REFERENCE ++++
H. J. C. Berendsen, D. van der Spoel and R. van Drunen
GROMACS: A message-passing parallel molecular dynamics implementation
Comp. Phys. Comm. 91 (1995) pp. 43-56
-------- -------- --- Thank You --- -------- --------


++++ PLEASE CITE THE DOI FOR THIS VERSION OF GROMACS ++++
https://doi.org/10.5281/zenodo.10721181
-------- -------- --- Thank You --- -------- --------

Input Parameters:
   integrator                     = md
   tinit                          = 0
   dt                             = 0.002
   nsteps                         = 7500
   init-step                      = 0
   simulation-part                = 1
   mts                            = false
   mass-repartition-factor        = 1
   comm-mode                      = Linear
   nstcomm                        = 100
   bd-fric                        = 0
   ld-seed                        = 226927
   emtol                          = 10
   emstep                         = 0.01
   niter                          = 20
   fcstep                         = 0
   nstcgsteep                     = 1000
   nbfgscorr                      = 10
   rtpi                           = 0.05
   nstxout                        = 0
   nstvout                        = 0
   nstfout                        = 0
   nstlog                         = 2000
   nstcalcenergy                  = 100
   nstenergy                      = 2000
   nstxout-compressed             = 2000
   compressed-x-precision         = 1000
   cutoff-scheme                  = Verlet
   nstlist                        = 10
   pbc                            = xyz
   periodic-molecules             = false
   verlet-buffer-tolerance        = 0.005
   verlet-buffer-pressure-tolerance = 0.5
   rlist                          = 1.2
   coulombtype                    = PME
   coulomb-modifier               = Potential-shift
   rcoulomb-switch                = 0
   rcoulomb                       = 1.2
   epsilon-r                      = 1
   epsilon-rf                     = inf
   vdw-type                       = Cut-off
   vdw-modifier                   = Force-switch
   rvdw-switch                    = 1
   rvdw                           = 1.2
   DispCorr                       = No
   table-extension                = 1
   fourierspacing                 = 0.15
   fourier-nx                     = 48
   fourier-ny                     = 48
   fourier-nz                     = 48
   pme-order                      = 4
   ewald-rtol                     = 1e-05
   ewald-rtol-lj                  = 0.001
   lj-pme-comb-rule               = Geometric
   ewald-geometry                 = 3d
   epsilon-surface                = 0
   ensemble-temperature-setting   = constant
   ensemble-temperature           = 300
   tcoupl                         = V-rescale
   nsttcouple                     = 100
   nh-chain-length                = 0
   print-nose-hoover-chain-variables = false
   pcoupl                         = No
   refcoord-scaling               = No
   posres-com (3):
      posres-com[0]= 0.00000e+00
      posres-com[1]= 0.00000e+00
      posres-com[2]= 0.00000e+00
   posres-comB (3):
      posres-comB[0]= 0.00000e+00
      posres-comB[1]= 0.00000e+00
      posres-comB[2]= 0.00000e+00
   QMMM                           = false
qm-opts:
   ngQM                           = 0
   constraint-algorithm           = Lincs
   continuation                   = false
   Shake-SOR                      = false
   shake-tol                      = 0.0001
   lincs-order                    = 4
   lincs-iter                     = 1
   lincs-warnangle                = 30
   nwall                          = 0
   wall-type                      = 9-3
   wall-r-linpot                  = -1
   wall-atomtype[0]               = -1
   wall-atomtype[1]               = -1
   wall-density[0]                = 0
   wall-density[1]                = 0
   wall-ewald-zfac                = 3
   pull                           = false
   awh                            = false
   rotation                       = false
   interactiveMD                  = false
   disre                          = No
   disre-weighting                = Conservative
   disre-mixed                    = false
   dr-fc                          = 1000
   dr-tau                         = 0
   nstdisreout                    = 100
   orire-fc                       = 0
   orire-tau                      = 0
   nstorireout                    = 100
   free-energy                    = no
   cos-acceleration               = 0
   deform (3x3):
      deform[    0]={ 0.00000e+00,  0.00000e+00,  0.00000e+00}
      deform[    1]={ 0.00000e+00,  0.00000e+00,  0.00000e+00}
      deform[    2]={ 0.00000e+00,  0.00000e+00,  0.00000e+00}
   simulated-tempering            = false
   swapcoords                     = no
   userint1                       = 0
   userint2                       = 0
   userint3                       = 0
   userint4                       = 0
   userreal1                      = 0
   userreal2                      = 0
   userreal3                      = 0
   userreal4                      = 0
   applied-forces:
     electric-field:
       x:
         E0                       = 0
         omega                    = 0
         t0                       = 0
         sigma                    = 0
       y:
         E0                       = 0
         omega                    = 0
         t0                       = 0
         sigma                    = 0
       z:
         E0                       = 0
         omega                    = 0
         t0                       = 0
         sigma                    = 0
     density-guided-simulation:
       active                     = false
       group                      = protein
       similarity-measure         = inner-product
       atom-spreading-weight      = unity
       force-constant             = 1e+09
       gaussian-transform-spreading-width = 0.2
       gaussian-transform-spreading-range-in-multiples-of-width = 4
       reference-density-filename = reference.mrc
       nst                        = 1
       normalize-densities        = true
       adaptive-force-scaling     = false
       adaptive-force-scaling-time-constant = 4
       shift-vector               = 
       transformation-matrix      = 
     qmmm-cp2k:
       active                     = false
       qmgroup                    = System
       qmmethod                   = PBE
       qmfilenames                = 
       qmcharge                   = 0
       qmmultiplicity             = 1
     colvars:
       active                     = false
       configfile                 = 
       seed                       = -1
grpopts:
   nrdf:       50520
   ref-t:         300
   tau-t:           1
annealing:          No
annealing-npoints:           0
   acc:	           0           0           0
   nfreeze:           N           N           N
   energygrp-flags[  0]: 0

Changing nstlist from 10 to 100, rlist from 1.2 to 1.348

When checking whether update groups are usable:
  Domain decomposition is not active, so there is no need for update groups
1 GPU selected for this run.
Mapping of GPU IDs to the 2 GPU tasks in the 1 rank on this node:
  PP:0,PME:0
PP tasks will do (non-perturbed) short-ranged and most bonded interactions on the GPU
PP task will update and constrain coordinates on the GPU
PME tasks will do all aspects on the GPU
Using 1 MPI thread
Using 47 OpenMP threads 

System total charge: -0.000
Will do PME sum in reciprocal space for electrostatic interactions.

++++ PLEASE READ AND CITE THE FOLLOWING REFERENCE ++++
U. Essmann, L. Perera, M. L. Berkowitz, T. Darden, H. Lee and L. G. Pedersen 
A smooth particle mesh Ewald method
J. Chem. Phys. 103 (1995) pp. 8577-8592
-------- -------- --- Thank You --- -------- --------

Using a Gaussian width (1/beta) of 0.384195 nm for Ewald
Potential shift: LJ r^-12: -2.648e-01 r^-6: -5.349e-01, Ewald -8.333e-06
Initialized non-bonded Coulomb Ewald tables, spacing: 1.02e-03 size: 1176

Generated table with 1174 data points for 1-4 COUL.
Tabscale = 500 points/nm
Generated table with 1174 data points for 1-4 LJ6.
Tabscale = 500 points/nm
Generated table with 1174 data points for 1-4 LJ12.
Tabscale = 500 points/nm


Using GPU 8x8 nonbonded short-range kernels

Using a dual 8x8 pair-list setup updated with dynamic, rolling pruning:
  outer list: updated every 100 steps, buffer 0.148 nm, rlist 1.348 nm
  inner list: updated every  12 steps, buffer 0.002 nm, rlist 1.202 nm
At tolerance 0.005 kJ/mol/ps per atom, equivalent classical 1x1 list would be:
  outer list: updated every 100 steps, buffer 0.293 nm, rlist 1.493 nm
  inner list: updated every  12 steps, buffer 0.052 nm, rlist 1.252 nm

The average pressure is off by at most 0.25 bar due to missing LJ interactions
Removing pbc first time

NOTE: OS CPU limit is lower than logical cpu count, thread pinning disabled.

Initializing LINear Constraint Solver

++++ PLEASE READ AND CITE THE FOLLOWING REFERENCE ++++
B. Hess and H. Bekker and H. J. C. Berendsen and J. G. E. M. Fraaije
LINCS: A Linear Constraint Solver for molecular simulations
J. Comp. Chem. 18 (1997) pp. 1463-1472
-------- -------- --- Thank You --- -------- --------

The number of constraints is 1251

++++ PLEASE READ AND CITE THE FOLLOWING REFERENCE ++++
S. Miyamoto and P. A. Kollman
SETTLE: An Analytical Version of the SHAKE and RATTLE Algorithms for Rigid
Water Models
J. Comp. Chem. 13 (1992) pp. 952-962
-------- -------- --- Thank You --- -------- --------


++++ PLEASE READ AND CITE THE FOLLOWING REFERENCE ++++
G. Bussi, D. Donadio and M. Parrinello
Canonical sampling through velocity rescaling
J. Chem. Phys. 126 (2007) pp. 014101
-------- -------- --- Thank You --- -------- --------

There are: 24650 Atoms

Updating coordinates and applying constraints on the GPU.

Constraining the starting coordinates (step 0)

Constraining the coordinates at t0-dt (step 0)
Center of mass motion removal mode is Linear
We have the following groups for center of mass motion removal:
  0:  rest
RMS relative constraint deviation after constraining: 3.37e-06
Initial temperature: 301.005 K

Started mdrun on rank 0 Wed Jul 17 04:10:17 2024

           Step           Time
              0        0.00000

   Energies (kJ/mol)
           Bond          Angle    Proper Dih. Per. Imp. Dih.          LJ-14
    4.37467e+02    1.91572e+03    5.96424e+03    8.31921e+01    2.49548e+03
     Coulomb-14        LJ (SR)   Coulomb (SR)   Coul. recip. Position Rest.
    3.71571e+04    4.08386e+04   -4.19920e+05    2.42660e+03    6.24066e-04
      Potential    Kinetic En.   Total Energy  Conserved En.    Temperature
   -3.28601e+05    6.33693e+04   -2.65232e+05   -2.65232e+05    3.01725e+02
 Pressure (bar)   Constr. rmsd
   -1.20293e+03    3.37461e-06

           Step           Time
           2000        4.00000

   Energies (kJ/mol)
           Bond          Angle    Proper Dih. Per. Imp. Dih.          LJ-14
    1.55072e+03    5.04557e+03    6.46306e+03    2.84555e+02    2.47304e+03
     Coulomb-14        LJ (SR)   Coulomb (SR)   Coul. recip. Position Rest.
    3.66538e+04    3.98130e+04   -4.01846e+05    1.30591e+03    7.08220e+02
      Potential    Kinetic En.   Total Energy  Conserved En.    Temperature
   -3.07548e+05    6.03973e+04   -2.47151e+05   -2.64563e+05    2.87574e+02
 Pressure (bar)   Constr. rmsd
   -1.95566e+02    3.37461e-06

           Step           Time
           4000        8.00000

   Energies (kJ/mol)
           Bond          Angle    Proper Dih. Per. Imp. Dih.          LJ-14
    1.73073e+03    5.19600e+03    6.48707e+03    2.60593e+02    2.36918e+03
     Coulomb-14        LJ (SR)   Coulomb (SR)   Coul. recip. Position Rest.
    3.67388e+04    3.93855e+04   -3.99667e+05    1.24704e+03    6.72849e+02
      Potential    Kinetic En.   Total Energy  Conserved En.    Temperature
   -3.05579e+05    6.22032e+04   -2.43376e+05   -2.64587e+05    2.96173e+02
 Pressure (bar)   Constr. rmsd
   -1.64793e+02    3.37461e-06

           Step           Time
           6000       12.00000

   Energies (kJ/mol)
           Bond          Angle    Proper Dih. Per. Imp. Dih.          LJ-14
    1.63443e+03    5.53995e+03    6.54366e+03    2.96573e+02    2.35167e+03
     Coulomb-14        LJ (SR)   Coulomb (SR)   Coul. recip. Position Rest.
    3.65112e+04    3.94403e+04   -3.98454e+05    1.20114e+03    6.72266e+02
      Potential    Kinetic En.   Total Energy  Conserved En.    Temperature
   -3.04263e+05    6.29541e+04   -2.41309e+05   -2.64599e+05    2.99748e+02
 Pressure (bar)   Constr. rmsd
   -4.41069e+02    3.37461e-06

           Step           Time
           7500       15.00000

Writing checkpoint, step 7500 at Wed Jul 17 04:10:18 2024


   Energies (kJ/mol)
           Bond          Angle    Proper Dih. Per. Imp. Dih.          LJ-14
    1.68034e+03    5.31659e+03    6.50197e+03    3.03659e+02    2.34041e+03
     Coulomb-14        LJ (SR)   Coulomb (SR)   Coul. recip. Position Rest.
    3.65535e+04    3.99114e+04   -3.99253e+05    1.30475e+03    7.50395e+02
      Potential    Kinetic En.   Total Energy  Conserved En.    Temperature
   -3.04590e+05    6.27905e+04   -2.41800e+05   -2.64606e+05    2.98969e+02
 Pressure (bar)   Constr. rmsd
   -2.66055e+02    3.37461e-06


Energy conservation over simulation part #1 of length 15 ps, time 0 to 15 ps
  Conserved energy drift: 1.69e-03 kJ/mol/ps per atom


	<======  ###############  ==>
	<====  A V E R A G E S  ====>
	<==  ###############  ======>

	Statistics over 7501 steps using 76 frames

   Energies (kJ/mol)
           Bond          Angle    Proper Dih. Per. Imp. Dih.          LJ-14
    1.61031e+03    5.11760e+03    6.48940e+03    2.69440e+02    2.39477e+03
     Coulomb-14        LJ (SR)   Coulomb (SR)   Coul. recip. Position Rest.
    3.66674e+04    4.02819e+04   -4.02002e+05    1.27336e+03    7.13101e+02
      Potential    Kinetic En.   Total Energy  Conserved En.    Temperature
   -3.07184e+05    6.12386e+04   -2.45946e+05   -2.64590e+05    2.91580e+02
 Pressure (bar)   Constr. rmsd
   -2.62952e+02    0.00000e+00

   Total Virial (kJ/mol)
    2.25254e+04    2.28283e+01   -9.34613e+01
    2.28239e+01    2.24401e+04   -7.42365e+01
   -9.34507e+01   -7.42362e+01    2.22238e+04

   Pressure (bar)
   -2.76686e+02   -4.91088e+00    1.78324e+01
   -4.91029e+00   -2.70746e+02    1.08814e+01
    1.78310e+01    1.08814e+01   -2.41425e+02


	M E G A - F L O P S   A C C O U N T I N G

 NB=Group-cutoff nonbonded kernels    NxN=N-by-N cluster Verlet kernels
 RF=Reaction-Field  VdW=Van der Waals  QSTab=quadratic-spline table
 W3=SPC/TIP3p  W4=TIP4p (single or pairs)
 V&F=Potential and force  V=Potential only  F=Force only

 Computing:                               M-Number         M-Flops  % Flops
-----------------------------------------------------------------------------
 Pair Search distance check             234.148976        2107.341     0.0
 NxN Ewald Elec. + LJ [F]            233982.961344    18250670.985    98.3
 NxN Ewald Elec. + LJ [V&F]            2394.999168      308954.893     1.7
 Shift-X                                  1.873400          11.240     0.0
 Pos. Restr.                              9.151220         457.561     0.0
 Virial                                   1.876820          33.783     0.0
 Stop-CM                                  1.898050          18.980     0.0
 Calc-Ekin                                3.746800         101.164     0.0
 Lincs                                    0.002502           0.150     0.0
 Lincs-Mat                                0.013944           0.056     0.0
 Constraint-V                             0.024678           0.222     0.0
 Settle                                   0.014784           5.470     0.0
-----------------------------------------------------------------------------
 Total                                                18562361.845   100.0
-----------------------------------------------------------------------------


      R E A L   C Y C L E   A N D   T I M E   A C C O U N T I N G

On 1 MPI rank, each using 47 OpenMP threads

 Activity:              Num   Num      Call    Wall time         Giga-Cycles
                        Ranks Threads  Count      (s)         total sum    %
--------------------------------------------------------------------------------
 Neighbor search           1   47         76       0.099         11.861   9.1
 Launch PP GPU ops.        1   47      14926       0.204         24.405  18.7
 Force                     1   47       7501       0.468         56.063  42.8
 PME GPU mesh              1   47       7501       0.202         24.170  18.5
 Wait Bonded GPU           1   47         76       0.000          0.007   0.0
 Wait GPU NB local         1   47       7501       0.010          1.151   0.9
 Wait GPU state copy       1   47       7953       0.038          4.579   3.5
 NB X/F buffer ops.        1   47         76       0.002          0.195   0.1
 Write traj.               1   47          5       0.037          4.457   3.4
 Constraints               1   47          2       0.000          0.017   0.0
 Rest                                              0.033          3.936   3.0
--------------------------------------------------------------------------------
 Total                                             1.093        130.839 100.0
--------------------------------------------------------------------------------
 Breakdown of PME mesh activities
--------------------------------------------------------------------------------
 Wait PME GPU gather       1   47       7501       0.000          0.047   0.0
 Reduce GPU PME F          1   47       7501       0.001          0.168   0.1
 Launch PME GPU ops.       1   47      60009       0.195         23.307  17.8
--------------------------------------------------------------------------------

               Core t (s)   Wall t (s)        (%)
       Time:       51.373        1.093     4698.8
                 (ns/day)    (hour/ns)
Performance:     1185.524        0.020
Finished mdrun on rank 0 Wed Jul 17 04:10:18 2024

