                      :-) GROMACS - gmx mdrun, 2024.1 (-:

Copyright 1991-2024 The GROMACS Authors.
GROMACS is free software; you can redistribute it and/or modify it
under the terms of the GNU Lesser General Public License
as published by the Free Software Foundation; either version 2.1
of the License, or (at your option) any later version.

                         Current GROMACS contributors:
       Mark Abraham           Andrey Alekseenko           Vladimir Basov      
      Cathrine Bergh            Eliane Briand               Ania Brown        
      Mahesh Doijade            Giacomo Fiorin          Stefan Fleischmann    
      Sergey Gorelov         Gilles Gouaillardet            Alan Gray         
     M. Eric Irrgang         Farzaneh Jalalypour            Joe Jordan        
     Carsten Kutzner           Justin A. Lemkul          Magnus Lundborg      
       Pascal Merz              Vedran Miletic            Dmitry Morozov      
       Julien Nabet              Szilard Pall        Andrea Pasquadibisceglie 
    Michele Pellegrino          Hubert Santuz             Roland Schulz       
     Tatiana Shugaeva          Alexey Shvetsov            Philip Turner       
     Alessandra Villa      Sebastian Wingbermuehle  

                         Previous GROMACS contributors:
        Emile Apol             Rossen Apostolov           James Barnett       
        Paul Bauer          Herman J.C. Berendsen          Par Bjelkmar       
      Christian Blau          Viacheslav Bolnykh            Kevin Boyd        
    Aldert van Buuren          Carlo Camilloni           Rudi van Drunen      
      Anton Feenstra           Oliver Fleetwood            Vytas Gapsys       
       Gaurav Garg             Gerrit Groenhof            Bert de Groot       
      Anca Hamuraru           Vincent Hindriksen          Victor Holanda      
     Aleksei Iupinov          Christoph Junghans        Prashanth Kanduri     
   Dimitrios Karkoulis           Peter Kasson             Sebastian Kehl      
     Sebastian Keller             Jiri Kraus               Per Larsson        
      Viveca Lindahl            Erik Marklund           Pieter Meulenhoff     
      Teemu Murtola              Sander Pronk             Michael Shirts      
      Alfons Sijbers            Balint Soproni         David van der Spoel    
      Peter Tieleman            Carsten Uphoff             Jon Vincent        
     Teemu Virolainen         Christian Wennberg           Maarten Wolf       
      Artem Zhmurov       

                  Coordinated by the GROMACS project leaders:
                           Berk Hess and Erik Lindahl

GROMACS:      gmx mdrun, version 2024.1
Executable:   /usr/local/gromacs/bin/gmx
Data prefix:  /usr/local/gromacs
Working dir:  /root/folding/miner-data/5Fs3i1Zb/3vbf
Process ID:   157449
Command line:
  gmx mdrun -deffnm npt -pme gpu -nb gpu -pmefft gpu -update gpu -bonded gpu -gpu_id 0 -ntomp 1 -pin on -ntmpi 1

GROMACS version:     2024.1
Precision:           mixed
Memory model:        64 bit
MPI library:         thread_mpi
OpenMP support:      enabled (GMX_OPENMP_MAX_THREADS = 128)
GPU support:         CUDA
NBNxM GPU setup:     super-cluster 2x2x2 / cluster 8
SIMD instructions:   AVX_512
CPU FFT library:     fftw-3.3.8-sse2-avx-avx2-avx2_128-avx512
GPU FFT library:     cuFFT
Multi-GPU FFT:       none
RDTSCP usage:        enabled
TNG support:         enabled
Hwloc support:       disabled
Tracing support:     disabled
C compiler:          /usr/bin/cc GNU 11.4.0
C compiler flags:    -fexcess-precision=fast -funroll-all-loops -mavx512f -mfma -mavx512vl -mavx512dq -mavx512bw -Wno-missing-field-initializers -O3 -DNDEBUG
C++ compiler:        /usr/bin/c++ GNU 11.4.0
C++ compiler flags:  -fexcess-precision=fast -funroll-all-loops -mavx512f -mfma -mavx512vl -mavx512dq -mavx512bw -Wno-missing-field-initializers -Wno-cast-function-type-strict -fopenmp -O3 -DNDEBUG
BLAS library:        Internal
LAPACK library:      Internal
CUDA compiler:       /usr/local/cuda/bin/nvcc nvcc: NVIDIA (R) Cuda compiler driver;Copyright (c) 2005-2023 NVIDIA Corporation;Built on Tue_Aug_15_22:02:13_PDT_2023;Cuda compilation tools, release 12.2, V12.2.140;Build cuda_12.2.r12.2/compiler.33191640_0
CUDA compiler flags:-std=c++17;--generate-code=arch=compute_50,code=sm_50;--generate-code=arch=compute_52,code=sm_52;--generate-code=arch=compute_60,code=sm_60;--generate-code=arch=compute_61,code=sm_61;--generate-code=arch=compute_70,code=sm_70;--generate-code=arch=compute_75,code=sm_75;--generate-code=arch=compute_80,code=sm_80;--generate-code=arch=compute_86,code=sm_86;--generate-code=arch=compute_89,code=sm_89;--generate-code=arch=compute_90,code=sm_90;-Wno-deprecated-gpu-targets;--generate-code=arch=compute_53,code=sm_53;--generate-code=arch=compute_80,code=sm_80;-use_fast_math;-Xptxas;-warn-double-usage;-Xptxas;-Werror;-D_FORCE_INLINES;-Xcompiler;-fopenmp;-fexcess-precision=fast -funroll-all-loops -mavx512f -mfma -mavx512vl -mavx512dq -mavx512bw -Wno-missing-field-initializers -Wno-cast-function-type-strict -fopenmp -O3 -DNDEBUG
CUDA driver:         12.40
CUDA runtime:        12.20


Running on 1 node with total 192 cores, 384 processing units, 1 compatible GPU
Hardware detected on host e8609021e5dc:
  CPU info:
    Vendor: AMD
    Brand:  AMD EPYC 9684X 96-Core Processor               
    Family: 25   Model: 17   Stepping: 2
    Features: aes amd apic avx avx2 avx512f avx512cd avx512bw avx512vl avx512bf16 avx512secondFMA clfsh cmov cx8 cx16 f16c fma htt lahf misalignsse mmx msr nonstop_tsc pcid pclmuldq pdpe1gb popcnt pse rdrnd rdtscp sha sse2 sse3 sse4a sse4.1 sse4.2 ssse3 x2apic
  Hardware topology: Basic
    Packages, cores, and logical processors:
    [indices refer to OS logical processors]
      Package  0: [   0 192] [   1 193] [   2 194] [   3 195] [   4 196] [   5 197] [   6 198] [   7 199] [   8 200] [   9 201] [  10 202] [  11 203] [  12 204] [  13 205] [  14 206] [  15 207] [  16 208] [  17 209] [  18 210] [  19 211] [  20 212] [  21 213] [  22 214] [  23 215] [  24 216] [  25 217] [  26 218] [  27 219] [  28 220] [  29 221] [  30 222] [  31 223] [  32 224] [  33 225] [  34 226] [  35 227] [  36 228] [  37 229] [  38 230] [  39 231] [  40 232] [  41 233] [  42 234] [  43 235] [  44 236] [  45 237] [  46 238] [  47 239] [  48 240] [  49 241] [  50 242] [  51 243] [  52 244] [  53 245] [  54 246] [  55 247] [  56 248] [  57 249] [  58 250] [  59 251] [  60 252] [  61 253] [  62 254] [  63 255] [  64 256] [  65 257] [  66 258] [  67 259] [  68 260] [  69 261] [  70 262] [  71 263] [  72 264] [  73 265] [  74 266] [  75 267] [  76 268] [  77 269] [  78 270] [  79 271] [  80 272] [  81 273] [  82 274] [  83 275] [  84 276] [  85 277] [  86 278] [  87 279] [  88 280] [  89 281] [  90 282] [  91 283] [  92 284] [  93 285] [  94 286] [  95 287]
      Package  1: [  96 288] [  97 289] [  98 290] [  99 291] [ 100 292] [ 101 293] [ 102 294] [ 103 295] [ 104 296] [ 105 297] [ 106 298] [ 107 299] [ 108 300] [ 109 301] [ 110 302] [ 111 303] [ 112 304] [ 113 305] [ 114 306] [ 115 307] [ 116 308] [ 117 309] [ 118 310] [ 119 311] [ 120 312] [ 121 313] [ 122 314] [ 123 315] [ 124 316] [ 125 317] [ 126 318] [ 127 319] [ 128 320] [ 129 321] [ 130 322] [ 131 323] [ 132 324] [ 133 325] [ 134 326] [ 135 327] [ 136 328] [ 137 329] [ 138 330] [ 139 331] [ 140 332] [ 141 333] [ 142 334] [ 143 335] [ 144 336] [ 145 337] [ 146 338] [ 147 339] [ 148 340] [ 149 341] [ 150 342] [ 151 343] [ 152 344] [ 153 345] [ 154 346] [ 155 347] [ 156 348] [ 157 349] [ 158 350] [ 159 351] [ 160 352] [ 161 353] [ 162 354] [ 163 355] [ 164 356] [ 165 357] [ 166 358] [ 167 359] [ 168 360] [ 169 361] [ 170 362] [ 171 363] [ 172 364] [ 173 365] [ 174 366] [ 175 367] [ 176 368] [ 177 369] [ 178 370] [ 179 371] [ 180 372] [ 181 373] [ 182 374] [ 183 375] [ 184 376] [ 185 377] [ 186 378] [ 187 379] [ 188 380] [ 189 381] [ 190 382] [ 191 383]
    CPU limit set by OS: 46.08   Recommended max number of threads: 47
  GPU info:
    Number of GPUs detected: 1
    #0: NVIDIA NVIDIA GeForce RTX 4090, compute cap.: 8.9, ECC:  no, stat: compatible


++++ PLEASE READ AND CITE THE FOLLOWING REFERENCE ++++
M. J. Abraham, T. Murtola, R. Schulz, S. Páll, J. C. Smith, B. Hess, E.
Lindahl
GROMACS: High performance molecular simulations through multi-level
parallelism from laptops to supercomputers
SoftwareX 1 (2015) pp. 19-25
-------- -------- --- Thank You --- -------- --------


++++ PLEASE READ AND CITE THE FOLLOWING REFERENCE ++++
S. Páll, M. J. Abraham, C. Kutzner, B. Hess, E. Lindahl
Tackling Exascale Software Challenges in Molecular Dynamics Simulations with
GROMACS
In S. Markidis & E. Laure (Eds.), Solving Software Challenges for Exascale 8759 (2015) pp. 3-27
-------- -------- --- Thank You --- -------- --------


++++ PLEASE READ AND CITE THE FOLLOWING REFERENCE ++++
S. Pronk, S. Páll, R. Schulz, P. Larsson, P. Bjelkmar, R. Apostolov, M. R.
Shirts, J. C. Smith, P. M. Kasson, D. van der Spoel, B. Hess, and E. Lindahl
GROMACS 4.5: a high-throughput and highly parallel open source molecular
simulation toolkit
Bioinformatics 29 (2013) pp. 845-54
-------- -------- --- Thank You --- -------- --------


++++ PLEASE READ AND CITE THE FOLLOWING REFERENCE ++++
B. Hess and C. Kutzner and D. van der Spoel and E. Lindahl
GROMACS 4: Algorithms for highly efficient, load-balanced, and scalable
molecular simulation
J. Chem. Theory Comput. 4 (2008) pp. 435-447
-------- -------- --- Thank You --- -------- --------


++++ PLEASE READ AND CITE THE FOLLOWING REFERENCE ++++
D. van der Spoel, E. Lindahl, B. Hess, G. Groenhof, A. E. Mark and H. J. C.
Berendsen
GROMACS: Fast, Flexible and Free
J. Comp. Chem. 26 (2005) pp. 1701-1719
-------- -------- --- Thank You --- -------- --------


++++ PLEASE READ AND CITE THE FOLLOWING REFERENCE ++++
E. Lindahl and B. Hess and D. van der Spoel
GROMACS 3.0: A package for molecular simulation and trajectory analysis
J. Mol. Mod. 7 (2001) pp. 306-317
-------- -------- --- Thank You --- -------- --------


++++ PLEASE READ AND CITE THE FOLLOWING REFERENCE ++++
H. J. C. Berendsen, D. van der Spoel and R. van Drunen
GROMACS: A message-passing parallel molecular dynamics implementation
Comp. Phys. Comm. 91 (1995) pp. 43-56
-------- -------- --- Thank You --- -------- --------


++++ PLEASE CITE THE DOI FOR THIS VERSION OF GROMACS ++++
https://doi.org/10.5281/zenodo.10721181
-------- -------- --- Thank You --- -------- --------

Input Parameters:
   integrator                     = md
   tinit                          = 0
   dt                             = 0.002
   nsteps                         = 75000
   init-step                      = 0
   simulation-part                = 1
   mts                            = false
   mass-repartition-factor        = 1
   comm-mode                      = Linear
   nstcomm                        = 100
   bd-fric                        = 0
   ld-seed                        = 428134
   emtol                          = 10
   emstep                         = 0.01
   niter                          = 20
   fcstep                         = 0
   nstcgsteep                     = 1000
   nbfgscorr                      = 10
   rtpi                           = 0.05
   nstxout                        = 0
   nstvout                        = 0
   nstfout                        = 0
   nstlog                         = 2000
   nstcalcenergy                  = 100
   nstenergy                      = 2000
   nstxout-compressed             = 2000
   compressed-x-precision         = 1000
   cutoff-scheme                  = Verlet
   nstlist                        = 10
   pbc                            = xyz
   periodic-molecules             = false
   verlet-buffer-tolerance        = 0.005
   verlet-buffer-pressure-tolerance = 0.5
   rlist                          = 1.2
   coulombtype                    = PME
   coulomb-modifier               = Potential-shift
   rcoulomb-switch                = 0
   rcoulomb                       = 1.2
   epsilon-r                      = 1
   epsilon-rf                     = inf
   vdw-type                       = Cut-off
   vdw-modifier                   = Force-switch
   rvdw-switch                    = 1
   rvdw                           = 1.2
   DispCorr                       = No
   table-extension                = 1
   fourierspacing                 = 0.15
   fourier-nx                     = 84
   fourier-ny                     = 84
   fourier-nz                     = 84
   pme-order                      = 4
   ewald-rtol                     = 1e-05
   ewald-rtol-lj                  = 0.001
   lj-pme-comb-rule               = Geometric
   ewald-geometry                 = 3d
   epsilon-surface                = 0
   ensemble-temperature-setting   = constant
   ensemble-temperature           = 300
   tcoupl                         = V-rescale
   nsttcouple                     = 100
   nh-chain-length                = 0
   print-nose-hoover-chain-variables = false
   pcoupl                         = C-rescale
   pcoupltype                     = Isotropic
   nstpcouple                     = 100
   tau-p                          = 5
   compressibility (3x3):
      compressibility[    0]={ 4.50000e-05,  0.00000e+00,  0.00000e+00}
      compressibility[    1]={ 0.00000e+00,  4.50000e-05,  0.00000e+00}
      compressibility[    2]={ 0.00000e+00,  0.00000e+00,  4.50000e-05}
   ref-p (3x3):
      ref-p[    0]={ 1.00000e+00,  0.00000e+00,  0.00000e+00}
      ref-p[    1]={ 0.00000e+00,  1.00000e+00,  0.00000e+00}
      ref-p[    2]={ 0.00000e+00,  0.00000e+00,  1.00000e+00}
   refcoord-scaling               = COM
   posres-com (3):
      posres-com[0]= 4.99306e-01
      posres-com[1]= 4.99239e-01
      posres-com[2]= 4.99715e-01
   posres-comB (3):
      posres-comB[0]= 4.99306e-01
      posres-comB[1]= 4.99239e-01
      posres-comB[2]= 4.99715e-01
   QMMM                           = false
qm-opts:
   ngQM                           = 0
   constraint-algorithm           = Lincs
   continuation                   = true
   Shake-SOR                      = false
   shake-tol                      = 0.0001
   lincs-order                    = 4
   lincs-iter                     = 1
   lincs-warnangle                = 30
   nwall                          = 0
   wall-type                      = 9-3
   wall-r-linpot                  = -1
   wall-atomtype[0]               = -1
   wall-atomtype[1]               = -1
   wall-density[0]                = 0
   wall-density[1]                = 0
   wall-ewald-zfac                = 3
   pull                           = false
   awh                            = false
   rotation                       = false
   interactiveMD                  = false
   disre                          = No
   disre-weighting                = Conservative
   disre-mixed                    = false
   dr-fc                          = 1000
   dr-tau                         = 0
   nstdisreout                    = 100
   orire-fc                       = 0
   orire-tau                      = 0
   nstorireout                    = 100
   free-energy                    = no
   cos-acceleration               = 0
   deform (3x3):
      deform[    0]={ 0.00000e+00,  0.00000e+00,  0.00000e+00}
      deform[    1]={ 0.00000e+00,  0.00000e+00,  0.00000e+00}
      deform[    2]={ 0.00000e+00,  0.00000e+00,  0.00000e+00}
   simulated-tempering            = false
   swapcoords                     = no
   userint1                       = 0
   userint2                       = 0
   userint3                       = 0
   userint4                       = 0
   userreal1                      = 0
   userreal2                      = 0
   userreal3                      = 0
   userreal4                      = 0
   applied-forces:
     electric-field:
       x:
         E0                       = 0
         omega                    = 0
         t0                       = 0
         sigma                    = 0
       y:
         E0                       = 0
         omega                    = 0
         t0                       = 0
         sigma                    = 0
       z:
         E0                       = 0
         omega                    = 0
         t0                       = 0
         sigma                    = 0
     density-guided-simulation:
       active                     = false
       group                      = protein
       similarity-measure         = inner-product
       atom-spreading-weight      = unity
       force-constant             = 1e+09
       gaussian-transform-spreading-width = 0.2
       gaussian-transform-spreading-range-in-multiples-of-width = 4
       reference-density-filename = reference.mrc
       nst                        = 1
       normalize-densities        = true
       adaptive-force-scaling     = false
       adaptive-force-scaling-time-constant = 4
       shift-vector               = 
       transformation-matrix      = 
     qmmm-cp2k:
       active                     = false
       qmgroup                    = System
       qmmethod                   = PBE
       qmfilenames                = 
       qmcharge                   = 0
       qmmultiplicity             = 1
     colvars:
       active                     = false
       configfile                 = 
       seed                       = -1
grpopts:
   nrdf:      363523
   ref-t:         300
   tau-t:           1
annealing:          No
annealing-npoints:           0
   acc:	           0           0           0
   nfreeze:           N           N           N
   energygrp-flags[  0]: 0

Changing nstlist from 10 to 100, rlist from 1.2 to 1.351

When checking whether update groups are usable:
  Domain decomposition is not active, so there is no need for update groups
1 GPU selected for this run.
Mapping of GPU IDs to the 2 GPU tasks in the 1 rank on this node:
  PP:0,PME:0
PP tasks will do (non-perturbed) short-ranged and most bonded interactions on the GPU
PP task will update and constrain coordinates on the GPU
PME tasks will do all aspects on the GPU
Using 1 MPI thread
Using 1 OpenMP thread 

System total charge: 0.000
Will do PME sum in reciprocal space for electrostatic interactions.

++++ PLEASE READ AND CITE THE FOLLOWING REFERENCE ++++
U. Essmann, L. Perera, M. L. Berkowitz, T. Darden, H. Lee and L. G. Pedersen 
A smooth particle mesh Ewald method
J. Chem. Phys. 103 (1995) pp. 8577-8592
-------- -------- --- Thank You --- -------- --------

Using a Gaussian width (1/beta) of 0.384195 nm for Ewald
Potential shift: LJ r^-12: -2.648e-01 r^-6: -5.349e-01, Ewald -8.333e-06
Initialized non-bonded Coulomb Ewald tables, spacing: 1.02e-03 size: 1176

Generated table with 1175 data points for 1-4 COUL.
Tabscale = 500 points/nm
Generated table with 1175 data points for 1-4 LJ6.
Tabscale = 500 points/nm
Generated table with 1175 data points for 1-4 LJ12.
Tabscale = 500 points/nm


Using GPU 8x8 nonbonded short-range kernels

Using a dual 8x8 pair-list setup updated with dynamic, rolling pruning:
  outer list: updated every 100 steps, buffer 0.151 nm, rlist 1.351 nm
  inner list: updated every  12 steps, buffer 0.004 nm, rlist 1.204 nm
At tolerance 0.005 kJ/mol/ps per atom, equivalent classical 1x1 list would be:
  outer list: updated every 100 steps, buffer 0.308 nm, rlist 1.508 nm
  inner list: updated every  12 steps, buffer 0.053 nm, rlist 1.253 nm

The average pressure is off by at most 0.21 bar due to missing LJ interactions

NOTE: OS CPU limit is lower than logical cpu count, thread pinning disabled.

Initializing LINear Constraint Solver

++++ PLEASE READ AND CITE THE FOLLOWING REFERENCE ++++
B. Hess and H. Bekker and H. J. C. Berendsen and J. G. E. M. Fraaije
LINCS: A Linear Constraint Solver for molecular simulations
J. Comp. Chem. 18 (1997) pp. 1463-1472
-------- -------- --- Thank You --- -------- --------

The number of constraints is 6353

++++ PLEASE READ AND CITE THE FOLLOWING REFERENCE ++++
S. Miyamoto and P. A. Kollman
SETTLE: An Analytical Version of the SHAKE and RATTLE Algorithms for Rigid
Water Models
J. Comp. Chem. 13 (1992) pp. 952-962
-------- -------- --- Thank You --- -------- --------


++++ PLEASE READ AND CITE THE FOLLOWING REFERENCE ++++
G. Bussi, D. Donadio and M. Parrinello
Canonical sampling through velocity rescaling
J. Chem. Phys. 126 (2007) pp. 014101
-------- -------- --- Thank You --- -------- --------


++++ PLEASE READ AND CITE THE FOLLOWING REFERENCE ++++
M. Bernetti, G. Bussi
Pressure control using stochastic cell rescaling
J. Chem. Phys. 153 (2020) pp. 114107
-------- -------- --- Thank You --- -------- --------

There are: 178505 Atoms

Updating coordinates and applying constraints on the GPU.
Center of mass motion removal mode is Linear
We have the following groups for center of mass motion removal:
  0:  rest

Started mdrun on rank 0 Mon Jul 15 13:16:08 2024

           Step           Time
              0        0.00000

   Energies (kJ/mol)
           Bond          Angle    Proper Dih. Per. Imp. Dih.          LJ-14
    9.65261e+03    2.65239e+04    3.63495e+04    1.50385e+03    1.29307e+04
     Coulomb-14        LJ (SR)   Coulomb (SR)   Coul. recip. Position Rest.
    1.50248e+05    4.64336e+05   -3.32775e+06    8.95288e+03    8.17953e-01
      Potential    Kinetic En.   Total Energy  Conserved En.    Temperature
   -2.61725e+06    4.51780e+05   -2.16547e+06   -2.16542e+06    2.98945e+02
 Pressure (bar)   Constr. rmsd
   -1.64692e+02    0.00000e+00

           Step           Time
           2000        4.00000

   Energies (kJ/mol)
           Bond          Angle    Proper Dih. Per. Imp. Dih.          LJ-14
    9.93505e+03    2.64679e+04    3.61491e+04    1.57885e+03    1.27242e+04
     Coulomb-14        LJ (SR)   Coulomb (SR)   Coul. recip. Position Rest.
    1.50138e+05    4.67796e+05   -3.33707e+06    8.74177e+03    3.17421e+03
      Potential    Kinetic En.   Total Energy  Conserved En.    Temperature
   -2.62037e+06    4.53675e+05   -2.16669e+06   -2.16176e+06    3.00199e+02
 Pressure (bar)   Constr. rmsd
   -2.06898e+02    0.00000e+00

step 3200: timed with pme grid 84 84 84, coulomb cutoff 1.200: 488.8 M-cycles
step 3400: timed with pme grid 72 72 72, coulomb cutoff 1.355: 403.3 M-cycles
step 3600: timed with pme grid 64 64 64, coulomb cutoff 1.525: 663.8 M-cycles
step 3800: timed with pme grid 72 72 72, coulomb cutoff 1.355: 573.1 M-cycles
step 4000: timed with pme grid 80 80 80, coulomb cutoff 1.220: 346.2 M-cycles
              optimal pme grid 80 80 80, coulomb cutoff 1.220
           Step           Time
           4000        8.00000

   Energies (kJ/mol)
           Bond          Angle    Proper Dih. Per. Imp. Dih.          LJ-14
    9.69467e+03    2.64088e+04    3.62637e+04    1.62096e+03    1.26958e+04
     Coulomb-14        LJ (SR)   Coulomb (SR)   Coul. recip. Position Rest.
    1.50059e+05    4.68207e+05   -3.33924e+06    8.23699e+03    3.26355e+03
      Potential    Kinetic En.   Total Energy  Conserved En.    Temperature
   -2.62279e+06    4.52571e+05   -2.17022e+06   -2.16001e+06    2.99468e+02
 Pressure (bar)   Constr. rmsd
   -3.75180e+01    0.00000e+00

           Step           Time
           6000       12.00000

   Energies (kJ/mol)
           Bond          Angle    Proper Dih. Per. Imp. Dih.          LJ-14
    9.95321e+03    2.63551e+04    3.63211e+04    1.55269e+03    1.26147e+04
     Coulomb-14        LJ (SR)   Coulomb (SR)   Coul. recip. Position Rest.
    1.50017e+05    4.66116e+05   -3.33559e+06    8.15516e+03    3.50988e+03
      Potential    Kinetic En.   Total Energy  Conserved En.    Temperature
   -2.62099e+06    4.54109e+05   -2.16688e+06   -2.15963e+06    3.00486e+02
 Pressure (bar)   Constr. rmsd
   -6.19096e+01    0.00000e+00

           Step           Time
           8000       16.00000

   Energies (kJ/mol)
           Bond          Angle    Proper Dih. Per. Imp. Dih.          LJ-14
    1.00352e+04    2.64918e+04    3.61229e+04    1.49469e+03    1.25599e+04
     Coulomb-14        LJ (SR)   Coulomb (SR)   Coul. recip. Position Rest.
    1.50075e+05    4.67755e+05   -3.33872e+06    8.28644e+03    3.20295e+03
      Potential    Kinetic En.   Total Energy  Conserved En.    Temperature
   -2.62269e+06    4.53547e+05   -2.16915e+06   -2.15982e+06    3.00114e+02
 Pressure (bar)   Constr. rmsd
   -8.02236e+01    0.00000e+00

           Step           Time
          10000       20.00000

   Energies (kJ/mol)
           Bond          Angle    Proper Dih. Per. Imp. Dih.          LJ-14
    9.69577e+03    2.61968e+04    3.60493e+04    1.50216e+03    1.26780e+04
     Coulomb-14        LJ (SR)   Coulomb (SR)   Coul. recip. Position Rest.
    1.49733e+05    4.72361e+05   -3.34443e+06    8.22002e+03    3.30368e+03
      Potential    Kinetic En.   Total Energy  Conserved En.    Temperature
   -2.62469e+06    4.54239e+05   -2.17045e+06   -2.15894e+06    3.00572e+02
 Pressure (bar)   Constr. rmsd
    8.18648e+01    0.00000e+00

           Step           Time
          12000       24.00000

   Energies (kJ/mol)
           Bond          Angle    Proper Dih. Per. Imp. Dih.          LJ-14
    9.75708e+03    2.63468e+04    3.61833e+04    1.46969e+03    1.26019e+04
     Coulomb-14        LJ (SR)   Coulomb (SR)   Coul. recip. Position Rest.
    1.50071e+05    4.68305e+05   -3.34089e+06    8.19248e+03    3.28945e+03
      Potential    Kinetic En.   Total Energy  Conserved En.    Temperature
   -2.62467e+06    4.54181e+05   -2.17049e+06   -2.15956e+06    3.00534e+02
 Pressure (bar)   Constr. rmsd
   -4.48947e+01    0.00000e+00

           Step           Time
          14000       28.00000

   Energies (kJ/mol)
           Bond          Angle    Proper Dih. Per. Imp. Dih.          LJ-14
    9.42577e+03    2.66063e+04    3.60487e+04    1.53973e+03    1.28224e+04
     Coulomb-14        LJ (SR)   Coulomb (SR)   Coul. recip. Position Rest.
    1.50196e+05    4.70106e+05   -3.34223e+06    8.22380e+03    3.18502e+03
      Potential    Kinetic En.   Total Energy  Conserved En.    Temperature
   -2.62408e+06    4.51587e+05   -2.17249e+06   -2.15978e+06    2.98817e+02
 Pressure (bar)   Constr. rmsd
    4.01240e+01    0.00000e+00

           Step           Time
          16000       32.00000

   Energies (kJ/mol)
           Bond          Angle    Proper Dih. Per. Imp. Dih.          LJ-14
    9.81940e+03    2.65688e+04    3.60351e+04    1.55952e+03    1.28500e+04
     Coulomb-14        LJ (SR)   Coulomb (SR)   Coul. recip. Position Rest.
    1.50104e+05    4.66388e+05   -3.33699e+06    8.21571e+03    3.22440e+03
      Potential    Kinetic En.   Total Energy  Conserved En.    Temperature
   -2.62222e+06    4.52604e+05   -2.16962e+06   -2.15974e+06    2.99490e+02
 Pressure (bar)   Constr. rmsd
   -1.20108e+02    0.00000e+00

           Step           Time
          18000       36.00000

   Energies (kJ/mol)
           Bond          Angle    Proper Dih. Per. Imp. Dih.          LJ-14
    9.63524e+03    2.63099e+04    3.60232e+04    1.54861e+03    1.26525e+04
     Coulomb-14        LJ (SR)   Coulomb (SR)   Coul. recip. Position Rest.
    1.50239e+05    4.65090e+05   -3.33654e+06    8.27042e+03    3.23937e+03
      Potential    Kinetic En.   Total Energy  Conserved En.    Temperature
   -2.62353e+06    4.55283e+05   -2.16825e+06   -2.15939e+06    3.01263e+02
 Pressure (bar)   Constr. rmsd
   -9.55788e+01    0.00000e+00

           Step           Time
          20000       40.00000

   Energies (kJ/mol)
           Bond          Angle    Proper Dih. Per. Imp. Dih.          LJ-14
    9.81982e+03    2.64481e+04    3.61049e+04    1.54050e+03    1.27029e+04
     Coulomb-14        LJ (SR)   Coulomb (SR)   Coul. recip. Position Rest.
    1.50310e+05    4.65315e+05   -3.33404e+06    8.14113e+03    3.34775e+03
      Potential    Kinetic En.   Total Energy  Conserved En.    Temperature
   -2.62031e+06    4.54535e+05   -2.16578e+06   -2.15994e+06    3.00768e+02
 Pressure (bar)   Constr. rmsd
   -1.39620e+02    0.00000e+00

           Step           Time
          22000       44.00000

   Energies (kJ/mol)
           Bond          Angle    Proper Dih. Per. Imp. Dih.          LJ-14
    9.90386e+03    2.64474e+04    3.60761e+04    1.55975e+03    1.26939e+04
     Coulomb-14        LJ (SR)   Coulomb (SR)   Coul. recip. Position Rest.
    1.50090e+05    4.68545e+05   -3.33650e+06    8.15876e+03    3.21662e+03
      Potential    Kinetic En.   Total Energy  Conserved En.    Temperature
   -2.61980e+06    4.53255e+05   -2.16655e+06   -2.15934e+06    2.99921e+02
 Pressure (bar)   Constr. rmsd
    6.11022e+01    0.00000e+00

           Step           Time
          24000       48.00000

   Energies (kJ/mol)
           Bond          Angle    Proper Dih. Per. Imp. Dih.          LJ-14
    1.00662e+04    2.63135e+04    3.61359e+04    1.54298e+03    1.26667e+04
     Coulomb-14        LJ (SR)   Coulomb (SR)   Coul. recip. Position Rest.
    1.49811e+05    4.65893e+05   -3.33323e+06    8.13621e+03    3.36813e+03
      Potential    Kinetic En.   Total Energy  Conserved En.    Temperature
   -2.61929e+06    4.53714e+05   -2.16558e+06   -2.15883e+06    3.00225e+02
 Pressure (bar)   Constr. rmsd
   -7.24662e+01    0.00000e+00

           Step           Time
          26000       52.00000

   Energies (kJ/mol)
           Bond          Angle    Proper Dih. Per. Imp. Dih.          LJ-14
    1.00561e+04    2.64126e+04    3.62472e+04    1.60435e+03    1.25277e+04
     Coulomb-14        LJ (SR)   Coulomb (SR)   Coul. recip. Position Rest.
    1.49659e+05    4.67231e+05   -3.33593e+06    8.18838e+03    3.30703e+03
      Potential    Kinetic En.   Total Energy  Conserved En.    Temperature
   -2.62069e+06    4.53635e+05   -2.16706e+06   -2.15847e+06    3.00172e+02
 Pressure (bar)   Constr. rmsd
    2.27005e+01    0.00000e+00

           Step           Time
          28000       56.00000

   Energies (kJ/mol)
           Bond          Angle    Proper Dih. Per. Imp. Dih.          LJ-14
    9.87383e+03    2.65205e+04    3.62557e+04    1.56164e+03    1.26085e+04
     Coulomb-14        LJ (SR)   Coulomb (SR)   Coul. recip. Position Rest.
    1.49805e+05    4.68687e+05   -3.33768e+06    8.23619e+03    3.26139e+03
      Potential    Kinetic En.   Total Energy  Conserved En.    Temperature
   -2.62087e+06    4.54767e+05   -2.16610e+06   -2.15882e+06    3.00921e+02
 Pressure (bar)   Constr. rmsd
    1.05228e+02    0.00000e+00

           Step           Time
          30000       60.00000

   Energies (kJ/mol)
           Bond          Angle    Proper Dih. Per. Imp. Dih.          LJ-14
    9.61360e+03    2.61212e+04    3.62182e+04    1.53699e+03    1.27344e+04
     Coulomb-14        LJ (SR)   Coulomb (SR)   Coul. recip. Position Rest.
    1.50074e+05    4.66847e+05   -3.33763e+06    8.18020e+03    3.39635e+03
      Potential    Kinetic En.   Total Energy  Conserved En.    Temperature
   -2.62291e+06    4.54720e+05   -2.16819e+06   -2.15937e+06    3.00890e+02
 Pressure (bar)   Constr. rmsd
   -7.56528e+01    0.00000e+00

           Step           Time
          32000       64.00000

   Energies (kJ/mol)
           Bond          Angle    Proper Dih. Per. Imp. Dih.          LJ-14
    9.47526e+03    2.61694e+04    3.64156e+04    1.57296e+03    1.27110e+04
     Coulomb-14        LJ (SR)   Coulomb (SR)   Coul. recip. Position Rest.
    1.49820e+05    4.65378e+05   -3.33634e+06    8.27833e+03    3.31734e+03
      Potential    Kinetic En.   Total Energy  Conserved En.    Temperature
   -2.62320e+06    4.54241e+05   -2.16896e+06   -2.15900e+06    3.00573e+02
 Pressure (bar)   Constr. rmsd
   -3.07660e+01    0.00000e+00

           Step           Time
          34000       68.00000

   Energies (kJ/mol)
           Bond          Angle    Proper Dih. Per. Imp. Dih.          LJ-14
    9.78434e+03    2.65002e+04    3.62652e+04    1.59003e+03    1.27212e+04
     Coulomb-14        LJ (SR)   Coulomb (SR)   Coul. recip. Position Rest.
    1.50089e+05    4.66191e+05   -3.33516e+06    8.21534e+03    3.44350e+03
      Potential    Kinetic En.   Total Energy  Conserved En.    Temperature
   -2.62036e+06    4.53158e+05   -2.16720e+06   -2.15880e+06    2.99856e+02
 Pressure (bar)   Constr. rmsd
    2.51945e+01    0.00000e+00

           Step           Time
          36000       72.00000

   Energies (kJ/mol)
           Bond          Angle    Proper Dih. Per. Imp. Dih.          LJ-14
    9.63119e+03    2.64261e+04    3.61157e+04    1.55396e+03    1.26292e+04
     Coulomb-14        LJ (SR)   Coulomb (SR)   Coul. recip. Position Rest.
    1.49949e+05    4.68785e+05   -3.33844e+06    8.25559e+03    3.35362e+03
      Potential    Kinetic En.   Total Energy  Conserved En.    Temperature
   -2.62174e+06    4.53483e+05   -2.16825e+06   -2.15845e+06    3.00072e+02
 Pressure (bar)   Constr. rmsd
   -1.12184e+01    0.00000e+00

           Step           Time
          38000       76.00000

   Energies (kJ/mol)
           Bond          Angle    Proper Dih. Per. Imp. Dih.          LJ-14
    9.91599e+03    2.59563e+04    3.62621e+04    1.47413e+03    1.27392e+04
     Coulomb-14        LJ (SR)   Coulomb (SR)   Coul. recip. Position Rest.
    1.49778e+05    4.67504e+05   -3.33892e+06    8.21132e+03    3.28761e+03
      Potential    Kinetic En.   Total Energy  Conserved En.    Temperature
   -2.62380e+06    4.54197e+05   -2.16960e+06   -2.15912e+06    3.00544e+02
 Pressure (bar)   Constr. rmsd
   -2.82027e+01    0.00000e+00

           Step           Time
          40000       80.00000

   Energies (kJ/mol)
           Bond          Angle    Proper Dih. Per. Imp. Dih.          LJ-14
    9.56175e+03    2.63995e+04    3.60711e+04    1.58888e+03    1.26136e+04
     Coulomb-14        LJ (SR)   Coulomb (SR)   Coul. recip. Position Rest.
    1.50124e+05    4.68984e+05   -3.34036e+06    8.14655e+03    3.32767e+03
      Potential    Kinetic En.   Total Energy  Conserved En.    Temperature
   -2.62354e+06    4.52028e+05   -2.17151e+06   -2.15883e+06    2.99109e+02
 Pressure (bar)   Constr. rmsd
   -4.57444e+01    0.00000e+00

           Step           Time
          42000       84.00000

   Energies (kJ/mol)
           Bond          Angle    Proper Dih. Per. Imp. Dih.          LJ-14
    9.47725e+03    2.62798e+04    3.61783e+04    1.54972e+03    1.29164e+04
     Coulomb-14        LJ (SR)   Coulomb (SR)   Coul. recip. Position Rest.
    1.49926e+05    4.69265e+05   -3.33917e+06    8.28249e+03    3.37673e+03
      Potential    Kinetic En.   Total Energy  Conserved En.    Temperature
   -2.62192e+06    4.52615e+05   -2.16930e+06   -2.15833e+06    2.99497e+02
 Pressure (bar)   Constr. rmsd
    1.07542e+02    0.00000e+00

           Step           Time
          44000       88.00000

   Energies (kJ/mol)
           Bond          Angle    Proper Dih. Per. Imp. Dih.          LJ-14
    9.78076e+03    2.63040e+04    3.61685e+04    1.51530e+03    1.25674e+04
     Coulomb-14        LJ (SR)   Coulomb (SR)   Coul. recip. Position Rest.
    1.49412e+05    4.69944e+05   -3.34149e+06    8.21604e+03    3.32218e+03
      Potential    Kinetic En.   Total Energy  Conserved En.    Temperature
   -2.62426e+06    4.54382e+05   -2.16987e+06   -2.15823e+06    3.00666e+02
 Pressure (bar)   Constr. rmsd
    1.99088e-01    0.00000e+00

           Step           Time
          46000       92.00000

   Energies (kJ/mol)
           Bond          Angle    Proper Dih. Per. Imp. Dih.          LJ-14
    9.56749e+03    2.61579e+04    3.62036e+04    1.45278e+03    1.25627e+04
     Coulomb-14        LJ (SR)   Coulomb (SR)   Coul. recip. Position Rest.
    1.50401e+05    4.68477e+05   -3.34143e+06    7.97430e+03    3.27062e+03
      Potential    Kinetic En.   Total Energy  Conserved En.    Temperature
   -2.62536e+06    4.54301e+05   -2.17106e+06   -2.15808e+06    3.00613e+02
 Pressure (bar)   Constr. rmsd
    1.17604e+01    0.00000e+00

           Step           Time
          48000       96.00000

   Energies (kJ/mol)
           Bond          Angle    Proper Dih. Per. Imp. Dih.          LJ-14
    1.00510e+04    2.63341e+04    3.62010e+04    1.58408e+03    1.25974e+04
     Coulomb-14        LJ (SR)   Coulomb (SR)   Coul. recip. Position Rest.
    1.49738e+05    4.69491e+05   -3.34118e+06    8.23724e+03    3.38610e+03
      Potential    Kinetic En.   Total Energy  Conserved En.    Temperature
   -2.62356e+06    4.54962e+05   -2.16860e+06   -2.15831e+06    3.01050e+02
 Pressure (bar)   Constr. rmsd
    4.18214e+01    0.00000e+00

           Step           Time
          50000      100.00000

   Energies (kJ/mol)
           Bond          Angle    Proper Dih. Per. Imp. Dih.          LJ-14
    9.84922e+03    2.67467e+04    3.62404e+04    1.62178e+03    1.26913e+04
     Coulomb-14        LJ (SR)   Coulomb (SR)   Coul. recip. Position Rest.
    1.50165e+05    4.69793e+05   -3.34196e+06    7.98595e+03    3.35475e+03
      Potential    Kinetic En.   Total Energy  Conserved En.    Temperature
   -2.62352e+06    4.54273e+05   -2.16924e+06   -2.15814e+06    3.00594e+02
 Pressure (bar)   Constr. rmsd
    1.72291e+01    0.00000e+00

           Step           Time
          52000      104.00000

   Energies (kJ/mol)
           Bond          Angle    Proper Dih. Per. Imp. Dih.          LJ-14
    9.78546e+03    2.63848e+04    3.59651e+04    1.52325e+03    1.26898e+04
     Coulomb-14        LJ (SR)   Coulomb (SR)   Coul. recip. Position Rest.
    1.49928e+05    4.68181e+05   -3.34203e+06    8.26647e+03    3.23722e+03
      Potential    Kinetic En.   Total Energy  Conserved En.    Temperature
   -2.62607e+06    4.53864e+05   -2.17221e+06   -2.15814e+06    3.00324e+02
 Pressure (bar)   Constr. rmsd
   -4.52147e-01    0.00000e+00

           Step           Time
          54000      108.00000

   Energies (kJ/mol)
           Bond          Angle    Proper Dih. Per. Imp. Dih.          LJ-14
    9.79989e+03    2.63901e+04    3.62384e+04    1.56022e+03    1.27583e+04
     Coulomb-14        LJ (SR)   Coulomb (SR)   Coul. recip. Position Rest.
    1.49925e+05    4.68032e+05   -3.34069e+06    8.20151e+03    3.34117e+03
      Potential    Kinetic En.   Total Energy  Conserved En.    Temperature
   -2.62445e+06    4.53424e+05   -2.17102e+06   -2.15796e+06    3.00032e+02
 Pressure (bar)   Constr. rmsd
    6.48705e+01    0.00000e+00

           Step           Time
          56000      112.00000

   Energies (kJ/mol)
           Bond          Angle    Proper Dih. Per. Imp. Dih.          LJ-14
    9.72849e+03    2.63467e+04    3.60816e+04    1.54920e+03    1.26587e+04
     Coulomb-14        LJ (SR)   Coulomb (SR)   Coul. recip. Position Rest.
    1.49686e+05    4.68950e+05   -3.34309e+06    8.13501e+03    3.33753e+03
      Potential    Kinetic En.   Total Energy  Conserved En.    Temperature
   -2.62662e+06    4.55175e+05   -2.17144e+06   -2.15822e+06    3.01191e+02
 Pressure (bar)   Constr. rmsd
   -1.15657e+01    0.00000e+00

           Step           Time
          58000      116.00000

   Energies (kJ/mol)
           Bond          Angle    Proper Dih. Per. Imp. Dih.          LJ-14
    9.66834e+03    2.63628e+04    3.61698e+04    1.54653e+03    1.27589e+04
     Coulomb-14        LJ (SR)   Coulomb (SR)   Coul. recip. Position Rest.
    1.49893e+05    4.66091e+05   -3.33708e+06    8.21418e+03    3.21027e+03
      Potential    Kinetic En.   Total Energy  Conserved En.    Temperature
   -2.62316e+06    4.54456e+05   -2.16871e+06   -2.15896e+06    3.00716e+02
 Pressure (bar)   Constr. rmsd
   -7.52270e+01    0.00000e+00

           Step           Time
          60000      120.00000

   Energies (kJ/mol)
           Bond          Angle    Proper Dih. Per. Imp. Dih.          LJ-14
    9.57990e+03    2.67349e+04    3.60893e+04    1.66553e+03    1.28672e+04
     Coulomb-14        LJ (SR)   Coulomb (SR)   Coul. recip. Position Rest.
    1.49713e+05    4.68619e+05   -3.33984e+06    8.18694e+03    3.42022e+03
      Potential    Kinetic En.   Total Energy  Conserved En.    Temperature
   -2.62296e+06    4.51619e+05   -2.17134e+06   -2.15860e+06    2.98838e+02
 Pressure (bar)   Constr. rmsd
    6.82355e+01    0.00000e+00

           Step           Time
          62000      124.00000

   Energies (kJ/mol)
           Bond          Angle    Proper Dih. Per. Imp. Dih.          LJ-14
    9.43502e+03    2.64200e+04    3.61661e+04    1.49836e+03    1.26777e+04
     Coulomb-14        LJ (SR)   Coulomb (SR)   Coul. recip. Position Rest.
    1.50087e+05    4.69551e+05   -3.34099e+06    8.13947e+03    3.31408e+03
      Potential    Kinetic En.   Total Energy  Conserved En.    Temperature
   -2.62370e+06    4.53931e+05   -2.16977e+06   -2.15808e+06    3.00368e+02
 Pressure (bar)   Constr. rmsd
    1.30513e+02    0.00000e+00

           Step           Time
          64000      128.00000

   Energies (kJ/mol)
           Bond          Angle    Proper Dih. Per. Imp. Dih.          LJ-14
    9.42242e+03    2.68179e+04    3.61365e+04    1.65020e+03    1.25826e+04
     Coulomb-14        LJ (SR)   Coulomb (SR)   Coul. recip. Position Rest.
    1.49791e+05    4.67681e+05   -3.33913e+06    8.20375e+03    3.32596e+03
      Potential    Kinetic En.   Total Energy  Conserved En.    Temperature
   -2.62351e+06    4.52643e+05   -2.17087e+06   -2.15786e+06    2.99516e+02
 Pressure (bar)   Constr. rmsd
    7.95170e+00    0.00000e+00

           Step           Time
          66000      132.00000

   Energies (kJ/mol)
           Bond          Angle    Proper Dih. Per. Imp. Dih.          LJ-14
    9.74107e+03    2.63293e+04    3.61520e+04    1.54356e+03    1.25001e+04
     Coulomb-14        LJ (SR)   Coulomb (SR)   Coul. recip. Position Rest.
    1.49865e+05    4.65942e+05   -3.33656e+06    8.16971e+03    3.39728e+03
      Potential    Kinetic En.   Total Energy  Conserved En.    Temperature
   -2.62292e+06    4.52522e+05   -2.17040e+06   -2.15804e+06    2.99435e+02
 Pressure (bar)   Constr. rmsd
   -1.63625e+02    0.00000e+00

           Step           Time
          68000      136.00000

   Energies (kJ/mol)
           Bond          Angle    Proper Dih. Per. Imp. Dih.          LJ-14
    9.85876e+03    2.65146e+04    3.62485e+04    1.51280e+03    1.25084e+04
     Coulomb-14        LJ (SR)   Coulomb (SR)   Coul. recip. Position Rest.
    1.49896e+05    4.68092e+05   -3.33964e+06    8.11661e+03    3.26423e+03
      Potential    Kinetic En.   Total Energy  Conserved En.    Temperature
   -2.62362e+06    4.54204e+05   -2.16942e+06   -2.15833e+06    3.00549e+02
 Pressure (bar)   Constr. rmsd
   -9.08353e+01    0.00000e+00

           Step           Time
          70000      140.00000

   Energies (kJ/mol)
           Bond          Angle    Proper Dih. Per. Imp. Dih.          LJ-14
    9.97735e+03    2.63164e+04    3.62722e+04    1.58427e+03    1.26290e+04
     Coulomb-14        LJ (SR)   Coulomb (SR)   Coul. recip. Position Rest.
    1.50162e+05    4.68634e+05   -3.33964e+06    8.22977e+03    3.29503e+03
      Potential    Kinetic En.   Total Energy  Conserved En.    Temperature
   -2.62254e+06    4.54372e+05   -2.16816e+06   -2.15779e+06    3.00660e+02
 Pressure (bar)   Constr. rmsd
   -8.78218e+01    0.00000e+00

           Step           Time
          72000      144.00000

   Energies (kJ/mol)
           Bond          Angle    Proper Dih. Per. Imp. Dih.          LJ-14
    9.55648e+03    2.61064e+04    3.62238e+04    1.56717e+03    1.26868e+04
     Coulomb-14        LJ (SR)   Coulomb (SR)   Coul. recip. Position Rest.
    1.49953e+05    4.65660e+05   -3.33653e+06    8.16543e+03    3.32343e+03
      Potential    Kinetic En.   Total Energy  Conserved En.    Temperature
   -2.62329e+06    4.54252e+05   -2.16903e+06   -2.15796e+06    3.00581e+02
 Pressure (bar)   Constr. rmsd
   -1.56531e+02    0.00000e+00

           Step           Time
          74000      148.00000

   Energies (kJ/mol)
           Bond          Angle    Proper Dih. Per. Imp. Dih.          LJ-14
    1.00608e+04    2.60349e+04    3.61198e+04    1.53032e+03    1.26304e+04
     Coulomb-14        LJ (SR)   Coulomb (SR)   Coul. recip. Position Rest.
    1.50110e+05    4.68647e+05   -3.33905e+06    8.20673e+03    3.30852e+03
      Potential    Kinetic En.   Total Energy  Conserved En.    Temperature
   -2.62240e+06    4.55037e+05   -2.16736e+06   -2.15782e+06    3.01100e+02
 Pressure (bar)   Constr. rmsd
   -6.77597e+01    0.00000e+00

           Step           Time
          75000      150.00000

Writing checkpoint, step 75000 at Mon Jul 15 13:18:16 2024


   Energies (kJ/mol)
           Bond          Angle    Proper Dih. Per. Imp. Dih.          LJ-14
    9.51768e+03    2.67607e+04    3.60704e+04    1.57307e+03    1.26779e+04
     Coulomb-14        LJ (SR)   Coulomb (SR)   Coul. recip. Position Rest.
    1.49852e+05    4.66246e+05   -3.33804e+06    8.12437e+03    3.35444e+03
      Potential    Kinetic En.   Total Energy  Conserved En.    Temperature
   -2.62387e+06    4.53496e+05   -2.17037e+06   -2.15789e+06    3.00080e+02
 Pressure (bar)   Constr. rmsd
    5.48907e+00    0.00000e+00


Energy conservation over simulation part #1 of length 150 ps, time 0 to 150 ps
  Conserved energy drift: 2.81e-04 kJ/mol/ps per atom


	<======  ###############  ==>
	<====  A V E R A G E S  ====>
	<==  ###############  ======>

	Statistics over 75001 steps using 751 frames

   Energies (kJ/mol)
           Bond          Angle    Proper Dih. Per. Imp. Dih.          LJ-14
    9.77356e+03    2.63771e+04    3.61734e+04    1.54683e+03    1.26682e+04
     Coulomb-14        LJ (SR)   Coulomb (SR)   Coul. recip. Position Rest.
    1.50015e+05    4.67664e+05   -3.33836e+06    8.17359e+03    3.30219e+03
      Potential    Kinetic En.   Total Energy  Conserved En.    Temperature
   -2.62266e+06    4.53372e+05   -2.16929e+06   -2.15891e+06    2.99998e+02
 Pressure (bar)   Constr. rmsd
   -2.34586e+01    0.00000e+00

          Box-X          Box-Y          Box-Z
    1.21225e+01    1.21225e+01    1.21225e+01

   Total Virial (kJ/mol)
    1.52904e+05   -2.05626e+02   -3.15219e+02
   -2.05604e+02    1.52210e+05   -7.84559e+02
   -3.15233e+02   -7.84615e+02    1.52055e+05

   Pressure (bar)
   -3.13077e+01    4.87889e+00    4.85167e+00
    4.87848e+00   -2.15274e+01    1.69738e+01
    4.85193e+00    1.69749e+01   -1.75407e+01


       P P   -   P M E   L O A D   B A L A N C I N G

 PP/PME load balancing changed the cut-off and PME settings:
           particle-particle                    PME
            rcoulomb  rlist            grid      spacing   1/beta
   initial  1.200 nm  1.204 nm      84  84  84   0.145 nm  0.384 nm
   final    1.220 nm  1.224 nm      80  80  80   0.152 nm  0.391 nm
 cost-ratio           1.05             0.86
 (note that these numbers concern only part of the total PP and PME load)


	M E G A - F L O P S   A C C O U N T I N G

 NB=Group-cutoff nonbonded kernels    NxN=N-by-N cluster Verlet kernels
 RF=Reaction-Field  VdW=Van der Waals  QSTab=quadratic-spline table
 W3=SPC/TIP3p  W4=TIP4p (single or pairs)
 V&F=Potential and force  V=Potential only  F=Force only

 Computing:                               M-Number         M-Flops  % Flops
-----------------------------------------------------------------------------
 Pair Search distance check           16195.852688      145762.674     0.0
 NxN Ewald Elec. + LJ [F]          17834975.560512  1391128093.720    98.3
 NxN Ewald Elec. + LJ [V&F]          180391.145280    23270457.741     1.6
 Shift-X                                134.057255         804.344     0.0
 Pos. Restr.                            488.106508       24405.325     0.0
 Virial                                 134.091050        2413.639     0.0
 Stop-CM                                134.057255        1340.573     0.0
 P-Coupling                             134.057255         804.344     0.0
 Calc-Ekin                              268.114510        7239.092     0.0
-----------------------------------------------------------------------------
 Total                                              1414581321.451   100.0
-----------------------------------------------------------------------------


      R E A L   C Y C L E   A N D   T I M E   A C C O U N T I N G

On 1 MPI rank

 Activity:              Num   Num      Call    Wall time         Giga-Cycles
                        Ranks Threads  Count      (s)         total sum    %
--------------------------------------------------------------------------------
 Neighbor search           1    1        751      55.768        141.996  43.4
 Launch PP GPU ops.        1    1     149251       5.522         14.060   4.3
 Force                     1    1      75001      13.148         33.476  10.2
 PME GPU mesh              1    1      75001       2.601          6.624   2.0
 Wait Bonded GPU           1    1        751       0.365          0.928   0.3
 Wait GPU NB local         1    1      75001       1.718          4.374   1.3
 Wait GPU state copy       1    1      79503      44.267        112.712  34.4
 NB X/F buffer ops.        1    1        751       0.677          1.724   0.5
 Write traj.               1    1         39       0.532          1.355   0.4
 Rest                                              3.909          9.953   3.0
--------------------------------------------------------------------------------
 Total                                           128.508        327.204 100.0
--------------------------------------------------------------------------------
 Breakdown of PME mesh activities
--------------------------------------------------------------------------------
 Wait PME GPU gather       1    1      75001       0.458          1.167   0.4
 Reduce GPU PME F          1    1      75001       0.099          0.252   0.1
 Launch PME GPU ops.       1    1     675009       1.898          4.832   1.5
--------------------------------------------------------------------------------

NOTE: 43 % of the run time was spent in pair search,
      you might want to increase nstlist (this has no effect on accuracy)

               Core t (s)   Wall t (s)        (%)
       Time:      128.506      128.508      100.0
                 (ns/day)    (hour/ns)
Performance:      100.851        0.238
Finished mdrun on rank 0 Mon Jul 15 13:18:16 2024

